<?xml version="1.0" encoding="UTF-8"?>
<robot generator="Robot 6.0.2 (Python 3.10.9 on win32)" generated="20230131 19:15:39.546" rpa="false" schemaversion="3">
<suite id="s1" name="Post" source="C:\Users\ritik\PycharmProjects\pythonProject1\TestCases\post.robot">
<test id="s1-t1" name="Post_Request" line="11">
<kw name="Create Session" library="RequestsLibrary">
<arg>mysession</arg>
<arg>${base_url}</arg>
<doc>Create Session: create a HTTP session to a server</doc>
<msg timestamp="20230131 19:15:39.632" level="INFO">Creating Session using : alias=mysession, url=https://reqres.in, headers={},                     cookies={}, auth=None, timeout=None, proxies=None, verify=False,                     debug=0 </msg>
<status status="PASS" starttime="20230131 19:15:39.632" endtime="20230131 19:15:39.632"/>
</kw>
<kw name="Create Dictionary" library="BuiltIn">
<var>${body}</var>
<arg>name=morpheus</arg>
<arg>job=leader</arg>
<doc>Creates and returns a dictionary based on the given ``items``.</doc>
<msg timestamp="20230131 19:15:39.633" level="INFO">${body} = {'name': 'morpheus', 'job': 'leader'}</msg>
<status status="PASS" starttime="20230131 19:15:39.633" endtime="20230131 19:15:39.633"/>
</kw>
<kw name="Create Dictionary" library="BuiltIn">
<var>${header}</var>
<arg>Content-Type=charset=utf-8</arg>
<doc>Creates and returns a dictionary based on the given ``items``.</doc>
<msg timestamp="20230131 19:15:39.633" level="INFO">${header} = {'Content-Type': 'charset=utf-8'}</msg>
<status status="PASS" starttime="20230131 19:15:39.633" endtime="20230131 19:15:39.633"/>
</kw>
<kw name="POST On Session" library="RequestsLibrary">
<var>${response}</var>
<arg>mysession</arg>
<arg>${request_url}</arg>
<arg>data=${body}</arg>
<arg>headers=${header}</arg>
<doc>Sends a POST request on a previously created HTTP Session.</doc>
<msg timestamp="20230131 19:15:40.252" level="INFO">POST Request : url=https://reqres.in/api/users 
 path_url=/api/users 
 headers={'User-Agent': 'python-requests/2.28.1', 'Accept-Encoding': 'gzip, deflate, br', 'Accept': '*/*', 'Connection': 'keep-alive', 'Content-Type': 'charset=utf-8', 'Content-Length': '24'} 
 body=name=morpheus&amp;job=leader 
 </msg>
<msg timestamp="20230131 19:15:40.252" level="INFO">POST Response : url=https://reqres.in/api/users 
 status=201, reason=Created 
 headers={'Date': 'Tue, 31 Jan 2023 13:45:41 GMT', 'Content-Type': 'application/json; charset=utf-8', 'Content-Length': '51', 'Connection': 'keep-alive', 'X-Powered-By': 'Express', 'Access-Control-Allow-Origin': '*', 'Etag': 'W/"33-ITGKY4rj7OmRkQ7QBsU6mD08En4"', 'Via': '1.1 vegur', 'CF-Cache-Status': 'DYNAMIC', 'Report-To': '{"endpoints":[{"url":"https:\\/\\/a.nel.cloudflare.com\\/report\\/v3?s=g7bVNCTudeqDyysL7BZenCl31aMsDfwWXdlY4pZsMCmB6ZqlKQr%2BMWoAmeHksuBwATZU8StAdRMqA5oMK8hqD%2Bs5hWJjfOHzRKg5e8fhIXD0c5lBjEPBaex0fg%3D%3D"}],"group":"cf-nel","max_age":604800}', 'NEL': '{"success_fraction":0,"report_to":"cf-nel","max_age":604800}', 'Server': 'cloudflare', 'CF-RAY': '7922e39ecbefa123-SIN'} 
 body={"id":"534","createdAt":"2023-01-31T13:45:41.190Z"} 
 </msg>
<msg timestamp="20230131 19:15:40.252" level="INFO">C:\Users\ritik\AppData\Local\Programs\Python\Python310\lib\site-packages\urllib3\connectionpool.py:1045: InsecureRequestWarning: Unverified HTTPS request is being made to host 'reqres.in'. Adding certificate verification is strongly advised. See: https://urllib3.readthedocs.io/en/1.26.x/advanced-usage.html#ssl-warnings
  warnings.warn(</msg>
<msg timestamp="20230131 19:15:40.253" level="INFO">${response} = &lt;Response [201]&gt;</msg>
<status status="PASS" starttime="20230131 19:15:39.633" endtime="20230131 19:15:40.253"/>
</kw>
<kw name="Convert To String" library="BuiltIn">
<var>${status_code}</var>
<arg>${response.status_code}</arg>
<doc>Converts the given item to a Unicode string.</doc>
<msg timestamp="20230131 19:15:40.254" level="INFO">${status_code} = 201</msg>
<status status="PASS" starttime="20230131 19:15:40.253" endtime="20230131 19:15:40.254"/>
</kw>
<kw name="Should Be Equal" library="BuiltIn">
<arg>${status_code}</arg>
<arg>201</arg>
<doc>Fails if the given objects are unequal.</doc>
<status status="PASS" starttime="20230131 19:15:40.255" endtime="20230131 19:15:40.255"/>
</kw>
<kw name="Convert To String" library="BuiltIn">
<var>${res_body}</var>
<arg>${response.content}</arg>
<doc>Converts the given item to a Unicode string.</doc>
<msg timestamp="20230131 19:15:40.256" level="INFO">${res_body} = {"id":"534","createdAt":"2023-01-31T13:45:41.190Z"}</msg>
<status status="PASS" starttime="20230131 19:15:40.255" endtime="20230131 19:15:40.256"/>
</kw>
<kw name="Log To Console" library="BuiltIn">
<arg>${res_body}</arg>
<doc>Logs the given message to the console.</doc>
<status status="PASS" starttime="20230131 19:15:40.256" endtime="20230131 19:15:40.257"/>
</kw>
<kw name="Should Contain" library="BuiltIn">
<arg>${res_body}</arg>
<arg>id</arg>
<doc>Fails if ``container`` does not contain ``item`` one or more times.</doc>
<status status="PASS" starttime="20230131 19:15:40.257" endtime="20230131 19:15:40.257"/>
</kw>
<status status="PASS" starttime="20230131 19:15:39.632" endtime="20230131 19:15:40.258"/>
</test>
<status status="PASS" starttime="20230131 19:15:39.548" endtime="20230131 19:15:40.259"/>
</suite>
<statistics>
<total>
<stat pass="1" fail="0" skip="0">All Tests</stat>
</total>
<tag>
</tag>
<suite>
<stat pass="1" fail="0" skip="0" id="s1" name="Post">Post</stat>
</suite>
</statistics>
<errors>
</errors>
</robot>
